<?xml version="1.0" encoding="UTF-8"?>
<bpmn:definitions xmlns:bpmn="http://www.omg.org/spec/BPMN/20100524/MODEL" xmlns:bpmndi="http://www.omg.org/spec/BPMN/20100524/DI" xmlns:di="http://www.omg.org/spec/DD/20100524/DI" xmlns:dc="http://www.omg.org/spec/DD/20100524/DC" xmlns:xsi="http://www.w3.org/2001/XMLSchema-instance" id="Definitions_1" targetNamespace="http://bpmn.io/schema/bpmn" exporter="Camunda Modeler" exporterVersion="1.9.0">
    <bpmn:process id="Process_1" isExecutable="true">
        <bpmn:startEvent id="StartEvent_1">
            <bpmn:outgoing>SequenceFlow_1cgcczb</bpmn:outgoing>
        </bpmn:startEvent>
        <bpmn:endEvent id="EndEvent_0duedue">
            <bpmn:incoming>SequenceFlow_1cgcczb</bpmn:incoming>
        </bpmn:endEvent>
        <bpmn:sequenceFlow id="SequenceFlow_1cgcczb" sourceRef="StartEvent_1" targetRef="EndEvent_0duedue" />
    </bpmn:process>
</bpmn:definitions>
